2020-02-23 13:34:27,201 - train.py[line:23] - INFO: Epoch  0: Training...
2020-02-23 13:34:36,571 - train.py[line:60] - INFO: Epoch  0: Evaluating...
2020-02-23 13:34:37,218 - train.py[line:85] - INFO: FINISHED!    Epoch:  0 | Loss: 0.80 | Accuracy: 0.55 | Time Used:  0min10s | Speed: 13.68 items/s
2020-02-23 13:34:37,218 - train.py[line:86] - INFO: 
2020-02-23 13:34:37,627 - train.py[line:23] - INFO: Epoch  1: Training...
2020-02-23 13:34:47,036 - train.py[line:60] - INFO: Epoch  1: Evaluating...
2020-02-23 13:34:47,688 - train.py[line:85] - INFO: FINISHED!    Epoch:  1 | Loss: 0.70 | Accuracy: 0.57 | Time Used:  0min10s | Speed: 13.62 items/s
2020-02-23 13:34:47,688 - train.py[line:86] - INFO: 
2020-02-23 13:34:48,066 - train.py[line:23] - INFO: Epoch  2: Training...
2020-02-23 13:34:57,460 - train.py[line:60] - INFO: Epoch  2: Evaluating...
2020-02-23 13:34:58,113 - train.py[line:85] - INFO: FINISHED!    Epoch:  2 | Loss: 0.67 | Accuracy: 0.60 | Time Used:  0min10s | Speed: 13.64 items/s
2020-02-23 13:34:58,114 - train.py[line:86] - INFO: 
2020-02-23 13:34:58,523 - train.py[line:23] - INFO: Epoch  3: Training...
2020-02-23 13:35:07,943 - train.py[line:60] - INFO: Epoch  3: Evaluating...
2020-02-23 13:35:08,591 - train.py[line:85] - INFO: FINISHED!    Epoch:  3 | Loss: 0.72 | Accuracy: 0.60 | Time Used:  0min10s | Speed: 13.61 items/s
2020-02-23 13:35:08,591 - train.py[line:86] - INFO: 
2020-02-23 13:35:08,961 - train.py[line:23] - INFO: Epoch  4: Training...
2020-02-23 13:35:18,410 - train.py[line:60] - INFO: Epoch  4: Evaluating...
2020-02-23 13:35:19,059 - train.py[line:85] - INFO: FINISHED!    Epoch:  4 | Loss: 0.64 | Accuracy: 0.59 | Time Used:  0min10s | Speed: 13.57 items/s
2020-02-23 13:35:19,059 - train.py[line:86] - INFO: 
2020-02-23 13:35:19,448 - train.py[line:23] - INFO: Epoch  5: Training...
2020-02-23 13:35:30,166 - train.py[line:23] - INFO: Epoch  0: Training...
2020-02-23 13:35:39,604 - train.py[line:60] - INFO: Epoch  0: Evaluating...
2020-02-23 13:35:40,255 - train.py[line:85] - INFO: FINISHED!    Epoch:  0 | Loss: 0.67 | Accuracy: 0.67 | Time Used:  0min10s | Speed: 13.58 items/s
2020-02-23 13:35:40,256 - train.py[line:86] - INFO: 
2020-02-23 13:35:40,768 - train.py[line:23] - INFO: Epoch  1: Training...
2020-02-23 13:35:50,208 - train.py[line:60] - INFO: Epoch  1: Evaluating...
2020-02-23 13:35:50,858 - train.py[line:85] - INFO: FINISHED!    Epoch:  1 | Loss: 0.48 | Accuracy: 0.78 | Time Used:  0min10s | Speed: 13.58 items/s
2020-02-23 13:35:50,858 - train.py[line:86] - INFO: 
2020-02-23 13:35:51,401 - train.py[line:23] - INFO: Epoch  2: Training...
2020-02-23 13:36:00,846 - train.py[line:60] - INFO: Epoch  2: Evaluating...
2020-02-23 13:36:01,495 - train.py[line:85] - INFO: FINISHED!    Epoch:  2 | Loss: 0.41 | Accuracy: 0.83 | Time Used:  0min10s | Speed: 13.57 items/s
2020-02-23 13:36:01,495 - train.py[line:86] - INFO: 
2020-02-23 13:36:02,044 - train.py[line:23] - INFO: Epoch  3: Training...
2020-02-23 13:36:11,500 - train.py[line:60] - INFO: Epoch  3: Evaluating...
2020-02-23 13:36:12,151 - train.py[line:85] - INFO: FINISHED!    Epoch:  3 | Loss: 0.56 | Accuracy: 0.80 | Time Used:  0min10s | Speed: 13.55 items/s
2020-02-23 13:36:12,152 - train.py[line:86] - INFO: 
2020-02-23 13:36:12,693 - train.py[line:23] - INFO: Epoch  4: Training...
2020-02-23 13:36:22,140 - train.py[line:60] - INFO: Epoch  4: Evaluating...
2020-02-23 13:36:22,789 - train.py[line:85] - INFO: FINISHED!    Epoch:  4 | Loss: 0.60 | Accuracy: 0.80 | Time Used:  0min10s | Speed: 13.57 items/s
2020-02-23 13:36:22,789 - train.py[line:86] - INFO: 
2020-02-23 13:36:23,338 - train.py[line:23] - INFO: Epoch  5: Training...
2020-02-23 13:36:32,830 - train.py[line:60] - INFO: Epoch  5: Evaluating...
2020-02-23 13:36:33,479 - train.py[line:85] - INFO: FINISHED!    Epoch:  5 | Loss: 0.50 | Accuracy: 0.82 | Time Used:  0min10s | Speed: 13.51 items/s
2020-02-23 13:36:33,479 - train.py[line:86] - INFO: 
2020-02-23 13:36:34,020 - train.py[line:23] - INFO: Epoch  6: Training...
2020-02-23 13:36:43,499 - train.py[line:60] - INFO: Epoch  6: Evaluating...
2020-02-23 13:36:44,148 - train.py[line:85] - INFO: FINISHED!    Epoch:  6 | Loss: 0.53 | Accuracy: 0.83 | Time Used:  0min10s | Speed: 13.53 items/s
2020-02-23 13:36:44,148 - train.py[line:86] - INFO: 
2020-02-23 13:36:44,698 - train.py[line:23] - INFO: Epoch  7: Training...
2020-02-23 13:36:54,177 - train.py[line:60] - INFO: Epoch  7: Evaluating...
2020-02-23 13:36:54,828 - train.py[line:85] - INFO: FINISHED!    Epoch:  7 | Loss: 0.61 | Accuracy: 0.84 | Time Used:  0min10s | Speed: 13.52 items/s
2020-02-23 13:36:54,828 - train.py[line:86] - INFO: 
2020-02-23 13:36:55,395 - train.py[line:23] - INFO: Epoch  8: Training...
2020-02-23 13:37:04,866 - train.py[line:60] - INFO: Epoch  8: Evaluating...
2020-02-23 13:37:05,518 - train.py[line:85] - INFO: FINISHED!    Epoch:  8 | Loss: 0.60 | Accuracy: 0.83 | Time Used:  0min10s | Speed: 13.53 items/s
2020-02-23 13:37:05,519 - train.py[line:86] - INFO: 
2020-02-23 13:37:06,122 - train.py[line:23] - INFO: Epoch  9: Training...
2020-02-23 13:37:15,602 - train.py[line:60] - INFO: Epoch  9: Evaluating...
2020-02-23 13:37:16,253 - train.py[line:85] - INFO: FINISHED!    Epoch:  9 | Loss: 0.58 | Accuracy: 0.83 | Time Used:  0min10s | Speed: 13.52 items/s
2020-02-23 13:37:16,253 - train.py[line:86] - INFO: 
2020-02-23 13:37:16,809 - train.py[line:23] - INFO: Epoch 10: Training...
2020-02-23 13:37:26,280 - train.py[line:60] - INFO: Epoch 10: Evaluating...
2020-02-23 13:37:26,932 - train.py[line:85] - INFO: FINISHED!    Epoch: 10 | Loss: 0.63 | Accuracy: 0.84 | Time Used:  0min10s | Speed: 13.53 items/s
2020-02-23 13:37:26,932 - train.py[line:86] - INFO: 
2020-02-23 13:37:27,495 - train.py[line:23] - INFO: Epoch 11: Training...
2020-02-23 13:37:36,984 - train.py[line:60] - INFO: Epoch 11: Evaluating...
2020-02-23 13:37:37,638 - train.py[line:85] - INFO: FINISHED!    Epoch: 11 | Loss: 0.94 | Accuracy: 0.84 | Time Used:  0min10s | Speed: 13.51 items/s
2020-02-23 13:37:37,638 - train.py[line:86] - INFO: 
2020-02-23 13:37:38,271 - train.py[line:23] - INFO: Epoch 12: Training...
2020-02-23 13:37:47,742 - train.py[line:60] - INFO: Epoch 12: Evaluating...
2020-02-23 13:37:48,393 - train.py[line:85] - INFO: FINISHED!    Epoch: 12 | Loss: 0.69 | Accuracy: 0.82 | Time Used:  0min10s | Speed: 13.54 items/s
2020-02-23 13:37:48,393 - train.py[line:86] - INFO: 
2020-02-23 13:37:48,973 - train.py[line:23] - INFO: Epoch 13: Training...
2020-02-23 13:37:58,446 - train.py[line:60] - INFO: Epoch 13: Evaluating...
2020-02-23 13:37:59,098 - train.py[line:85] - INFO: FINISHED!    Epoch: 13 | Loss: 0.75 | Accuracy: 0.82 | Time Used:  0min10s | Speed: 13.53 items/s
2020-02-23 13:37:59,098 - train.py[line:86] - INFO: 
2020-02-23 13:37:59,686 - train.py[line:23] - INFO: Epoch 14: Training...
2020-02-23 13:38:09,185 - train.py[line:60] - INFO: Epoch 14: Evaluating...
2020-02-23 13:38:09,834 - train.py[line:85] - INFO: FINISHED!    Epoch: 14 | Loss: 0.76 | Accuracy: 0.80 | Time Used:  0min10s | Speed: 13.50 items/s
2020-02-23 13:38:09,834 - train.py[line:86] - INFO: 
2020-02-23 13:38:10,423 - train.py[line:23] - INFO: Epoch 15: Training...
2020-02-23 13:38:26,986 - train.py[line:23] - INFO: Epoch  0: Training...
2020-02-23 13:38:36,463 - train.py[line:60] - INFO: Epoch  0: Evaluating...
2020-02-23 13:38:37,115 - train.py[line:85] - INFO: FINISHED!    Epoch:  0 | Loss: 0.60 | Accuracy: 0.71 | Time Used:  0min10s | Speed: 13.53 items/s
2020-02-23 13:38:37,115 - train.py[line:86] - INFO: 
2020-02-23 13:38:37,533 - train.py[line:23] - INFO: Epoch  1: Training...
2020-02-23 13:38:47,005 - train.py[line:60] - INFO: Epoch  1: Evaluating...
2020-02-23 13:38:47,656 - train.py[line:85] - INFO: FINISHED!    Epoch:  1 | Loss: 0.47 | Accuracy: 0.78 | Time Used:  0min10s | Speed: 13.53 items/s
2020-02-23 13:38:47,657 - train.py[line:86] - INFO: 
2020-02-23 13:38:48,167 - train.py[line:23] - INFO: Epoch  2: Training...
2020-02-23 13:38:57,660 - train.py[line:60] - INFO: Epoch  2: Evaluating...
2020-02-23 13:38:58,310 - train.py[line:85] - INFO: FINISHED!    Epoch:  2 | Loss: 0.46 | Accuracy: 0.79 | Time Used:  0min10s | Speed: 13.51 items/s
2020-02-23 13:38:58,311 - train.py[line:86] - INFO: 
2020-02-23 13:38:58,715 - train.py[line:23] - INFO: Epoch  3: Training...
2020-02-23 13:39:08,197 - train.py[line:60] - INFO: Epoch  3: Evaluating...
2020-02-23 13:39:08,845 - train.py[line:85] - INFO: FINISHED!    Epoch:  3 | Loss: 0.48 | Accuracy: 0.79 | Time Used:  0min10s | Speed: 13.52 items/s
2020-02-23 13:39:08,845 - train.py[line:86] - INFO: 
2020-02-23 13:39:09,354 - train.py[line:23] - INFO: Epoch  4: Training...
2020-02-23 13:39:18,855 - train.py[line:60] - INFO: Epoch  4: Evaluating...
2020-02-23 13:39:19,503 - train.py[line:85] - INFO: FINISHED!    Epoch:  4 | Loss: 0.44 | Accuracy: 0.81 | Time Used:  0min10s | Speed: 13.50 items/s
2020-02-23 13:39:19,504 - train.py[line:86] - INFO: 
2020-02-23 13:39:19,899 - train.py[line:23] - INFO: Epoch  5: Training...
2020-02-23 13:39:29,359 - train.py[line:60] - INFO: Epoch  5: Evaluating...
2020-02-23 13:39:30,008 - train.py[line:85] - INFO: FINISHED!    Epoch:  5 | Loss: 0.43 | Accuracy: 0.82 | Time Used:  0min10s | Speed: 13.55 items/s
2020-02-23 13:39:30,008 - train.py[line:86] - INFO: 
2020-02-23 13:39:30,417 - train.py[line:23] - INFO: Epoch  6: Training...
2020-02-23 13:39:39,882 - train.py[line:60] - INFO: Epoch  6: Evaluating...
2020-02-23 13:39:40,533 - train.py[line:85] - INFO: FINISHED!    Epoch:  6 | Loss: 0.41 | Accuracy: 0.82 | Time Used:  0min10s | Speed: 13.54 items/s
2020-02-23 13:39:40,534 - train.py[line:86] - INFO: 
2020-02-23 13:39:40,999 - train.py[line:23] - INFO: Epoch  7: Training...
2020-02-23 13:39:50,471 - train.py[line:60] - INFO: Epoch  7: Evaluating...
2020-02-23 13:39:51,117 - train.py[line:85] - INFO: FINISHED!    Epoch:  7 | Loss: 0.42 | Accuracy: 0.82 | Time Used:  0min10s | Speed: 13.54 items/s
2020-02-23 13:39:51,117 - train.py[line:86] - INFO: 
2020-02-23 13:39:51,526 - train.py[line:23] - INFO: Epoch  8: Training...
2020-02-23 13:40:01,018 - train.py[line:60] - INFO: Epoch  8: Evaluating...
2020-02-23 13:40:01,674 - train.py[line:85] - INFO: FINISHED!    Epoch:  8 | Loss: 0.47 | Accuracy: 0.80 | Time Used:  0min10s | Speed: 13.50 items/s
2020-02-23 13:40:01,674 - train.py[line:86] - INFO: 
2020-02-23 13:40:02,090 - train.py[line:23] - INFO: Epoch  9: Training...
2020-02-23 13:40:11,560 - train.py[line:60] - INFO: Epoch  9: Evaluating...
2020-02-23 13:40:12,212 - train.py[line:85] - INFO: FINISHED!    Epoch:  9 | Loss: 0.43 | Accuracy: 0.81 | Time Used:  0min10s | Speed: 13.54 items/s
2020-02-23 13:40:12,212 - train.py[line:86] - INFO: 
2020-02-23 13:40:12,593 - train.py[line:23] - INFO: Epoch 10: Training...
2020-02-23 13:40:22,089 - train.py[line:60] - INFO: Epoch 10: Evaluating...
2020-02-23 13:40:22,740 - train.py[line:85] - INFO: FINISHED!    Epoch: 10 | Loss: 0.46 | Accuracy: 0.82 | Time Used:  0min10s | Speed: 13.50 items/s
2020-02-23 13:40:22,740 - train.py[line:86] - INFO: 
2020-02-23 13:40:23,166 - train.py[line:23] - INFO: Epoch 11: Training...
2020-02-23 13:40:32,663 - train.py[line:60] - INFO: Epoch 11: Evaluating...
2020-02-23 13:40:33,311 - train.py[line:85] - INFO: FINISHED!    Epoch: 11 | Loss: 0.51 | Accuracy: 0.80 | Time Used:  0min10s | Speed: 13.50 items/s
2020-02-23 13:40:33,311 - train.py[line:86] - INFO: 
2020-02-23 13:40:33,711 - train.py[line:23] - INFO: Epoch 12: Training...
2020-02-23 13:40:43,176 - train.py[line:60] - INFO: Epoch 12: Evaluating...
2020-02-23 13:40:43,826 - train.py[line:85] - INFO: FINISHED!    Epoch: 12 | Loss: 0.49 | Accuracy: 0.80 | Time Used:  0min10s | Speed: 13.54 items/s
2020-02-23 13:40:43,826 - train.py[line:86] - INFO: 
2020-02-23 13:40:44,209 - train.py[line:23] - INFO: Epoch 13: Training...
2020-02-23 13:40:53,670 - train.py[line:60] - INFO: Epoch 13: Evaluating...
2020-02-23 13:40:54,320 - train.py[line:85] - INFO: FINISHED!    Epoch: 13 | Loss: 0.52 | Accuracy: 0.79 | Time Used:  0min10s | Speed: 13.55 items/s
2020-02-23 13:40:54,320 - train.py[line:86] - INFO: 
2020-02-23 13:40:54,730 - train.py[line:23] - INFO: Epoch 14: Training...
2020-02-23 13:41:04,207 - train.py[line:60] - INFO: Epoch 14: Evaluating...
2020-02-23 13:41:04,857 - train.py[line:85] - INFO: FINISHED!    Epoch: 14 | Loss: 0.49 | Accuracy: 0.81 | Time Used:  0min10s | Speed: 13.53 items/s
2020-02-23 13:41:04,858 - train.py[line:86] - INFO: 
2020-02-23 13:41:05,357 - train.py[line:23] - INFO: Epoch 15: Training...
2020-02-23 13:41:14,848 - train.py[line:60] - INFO: Epoch 15: Evaluating...
2020-02-23 13:41:15,498 - train.py[line:85] - INFO: FINISHED!    Epoch: 15 | Loss: 0.48 | Accuracy: 0.82 | Time Used:  0min10s | Speed: 13.51 items/s
2020-02-23 13:41:15,498 - train.py[line:86] - INFO: 
2020-02-23 13:48:56,952 - train.py[line:23] - INFO: Epoch  0: Training...
2020-02-23 13:49:06,310 - train.py[line:60] - INFO: Epoch  0: Evaluating...
2020-02-23 13:49:06,956 - train.py[line:85] - INFO: FINISHED!    Epoch:  0 | Loss: 0.71 | Accuracy: 0.60 | Time Used:  0min10s | Speed: 13.69 items/s
2020-02-23 13:49:06,956 - train.py[line:86] - INFO: 
2020-02-23 13:49:07,503 - train.py[line:23] - INFO: Epoch  1: Training...
2020-02-23 13:49:16,880 - train.py[line:60] - INFO: Epoch  1: Evaluating...
2020-02-23 13:49:17,533 - train.py[line:85] - INFO: FINISHED!    Epoch:  1 | Loss: 1.04 | Accuracy: 0.60 | Time Used:  0min10s | Speed: 13.66 items/s
2020-02-23 13:49:17,533 - train.py[line:86] - INFO: 
2020-02-23 13:49:18,077 - train.py[line:23] - INFO: Epoch  2: Training...
2020-02-23 13:49:32,790 - train.py[line:23] - INFO: Epoch  0: Training...
2020-02-23 13:49:42,213 - train.py[line:60] - INFO: Epoch  0: Evaluating...
2020-02-23 13:49:42,863 - train.py[line:85] - INFO: FINISHED!    Epoch:  0 | Loss: 0.52 | Accuracy: 0.76 | Time Used:  0min10s | Speed: 13.60 items/s
2020-02-23 13:49:42,863 - train.py[line:86] - INFO: 
2020-02-23 13:49:43,257 - train.py[line:23] - INFO: Epoch  1: Training...
2020-02-23 13:49:52,668 - train.py[line:60] - INFO: Epoch  1: Evaluating...
2020-02-23 13:49:53,320 - train.py[line:85] - INFO: FINISHED!    Epoch:  1 | Loss: 0.47 | Accuracy: 0.80 | Time Used:  0min10s | Speed: 13.61 items/s
2020-02-23 13:49:53,320 - train.py[line:86] - INFO: 
2020-02-23 13:49:53,744 - train.py[line:23] - INFO: Epoch  2: Training...
2020-02-23 13:50:03,190 - train.py[line:60] - INFO: Epoch  2: Evaluating...
2020-02-23 13:50:03,838 - train.py[line:85] - INFO: FINISHED!    Epoch:  2 | Loss: 0.43 | Accuracy: 0.82 | Time Used:  0min10s | Speed: 13.57 items/s
2020-02-23 13:50:03,838 - train.py[line:86] - INFO: 
2020-02-23 13:50:04,211 - train.py[line:23] - INFO: Epoch  3: Training...
2020-02-23 13:50:13,649 - train.py[line:60] - INFO: Epoch  3: Evaluating...
2020-02-23 13:50:14,298 - train.py[line:85] - INFO: FINISHED!    Epoch:  3 | Loss: 0.47 | Accuracy: 0.80 | Time Used:  0min10s | Speed: 13.58 items/s
2020-02-23 13:50:14,298 - train.py[line:86] - INFO: 
2020-02-23 13:50:14,676 - train.py[line:23] - INFO: Epoch  4: Training...
2020-02-23 13:50:24,129 - train.py[line:60] - INFO: Epoch  4: Evaluating...
2020-02-23 13:50:24,776 - train.py[line:85] - INFO: FINISHED!    Epoch:  4 | Loss: 0.45 | Accuracy: 0.82 | Time Used:  0min10s | Speed: 13.56 items/s
2020-02-23 13:50:24,776 - train.py[line:86] - INFO: 
2020-02-23 13:50:25,184 - train.py[line:23] - INFO: Epoch  5: Training...
2020-02-23 13:50:34,650 - train.py[line:60] - INFO: Epoch  5: Evaluating...
2020-02-23 13:50:35,305 - train.py[line:85] - INFO: FINISHED!    Epoch:  5 | Loss: 0.55 | Accuracy: 0.81 | Time Used:  0min10s | Speed: 13.54 items/s
2020-02-23 13:50:35,306 - train.py[line:86] - INFO: 
2020-02-23 13:50:35,727 - train.py[line:23] - INFO: Epoch  6: Training...
2020-02-23 13:50:45,197 - train.py[line:60] - INFO: Epoch  6: Evaluating...
2020-02-23 13:50:45,847 - train.py[line:85] - INFO: FINISHED!    Epoch:  6 | Loss: 0.55 | Accuracy: 0.83 | Time Used:  0min10s | Speed: 13.54 items/s
2020-02-23 13:50:45,848 - train.py[line:86] - INFO: 
2020-02-23 13:50:46,267 - train.py[line:23] - INFO: Epoch  7: Training...
2020-02-23 13:50:55,744 - train.py[line:60] - INFO: Epoch  7: Evaluating...
2020-02-23 13:50:56,395 - train.py[line:85] - INFO: FINISHED!    Epoch:  7 | Loss: 0.54 | Accuracy: 0.84 | Time Used:  0min10s | Speed: 13.53 items/s
2020-02-23 13:50:56,395 - train.py[line:86] - INFO: 
2020-02-23 13:50:56,894 - train.py[line:23] - INFO: Epoch  8: Training...
2020-02-23 13:51:06,361 - train.py[line:60] - INFO: Epoch  8: Evaluating...
2020-02-23 13:51:07,015 - train.py[line:85] - INFO: FINISHED!    Epoch:  8 | Loss: 0.56 | Accuracy: 0.85 | Time Used:  0min10s | Speed: 13.54 items/s
2020-02-23 13:51:07,015 - train.py[line:86] - INFO: 
2020-02-23 13:51:07,444 - train.py[line:23] - INFO: Epoch  9: Training...
2020-02-23 13:51:16,917 - train.py[line:60] - INFO: Epoch  9: Evaluating...
2020-02-23 13:51:17,566 - train.py[line:85] - INFO: FINISHED!    Epoch:  9 | Loss: 0.53 | Accuracy: 0.85 | Time Used:  0min10s | Speed: 13.53 items/s
2020-02-23 13:51:17,566 - train.py[line:86] - INFO: 
2020-02-23 13:51:18,010 - train.py[line:23] - INFO: Epoch 10: Training...
2020-02-23 13:51:27,492 - train.py[line:60] - INFO: Epoch 10: Evaluating...
2020-02-23 13:51:28,141 - train.py[line:85] - INFO: FINISHED!    Epoch: 10 | Loss: 0.62 | Accuracy: 0.84 | Time Used:  0min10s | Speed: 13.52 items/s
2020-02-23 13:51:28,141 - train.py[line:86] - INFO: 
2020-02-23 13:51:28,574 - train.py[line:23] - INFO: Epoch 11: Training...
2020-02-23 13:51:38,073 - train.py[line:60] - INFO: Epoch 11: Evaluating...
2020-02-23 13:51:38,725 - train.py[line:85] - INFO: FINISHED!    Epoch: 11 | Loss: 0.69 | Accuracy: 0.84 | Time Used:  0min10s | Speed: 13.50 items/s
2020-02-23 13:51:38,725 - train.py[line:86] - INFO: 
2020-02-23 13:51:39,134 - train.py[line:23] - INFO: Epoch 12: Training...
2020-02-23 13:51:48,581 - train.py[line:60] - INFO: Epoch 12: Evaluating...
2020-02-23 13:51:49,230 - train.py[line:85] - INFO: FINISHED!    Epoch: 12 | Loss: 0.73 | Accuracy: 0.77 | Time Used:  0min10s | Speed: 13.57 items/s
2020-02-23 13:51:49,230 - train.py[line:86] - INFO: 
2020-02-23 13:51:49,644 - train.py[line:23] - INFO: Epoch 13: Training...
2020-02-23 13:51:59,118 - train.py[line:60] - INFO: Epoch 13: Evaluating...
2020-02-23 13:51:59,772 - train.py[line:85] - INFO: FINISHED!    Epoch: 13 | Loss: 0.73 | Accuracy: 0.80 | Time Used:  0min10s | Speed: 13.53 items/s
2020-02-23 13:51:59,773 - train.py[line:86] - INFO: 
2020-02-23 13:52:00,180 - train.py[line:23] - INFO: Epoch 14: Training...
2020-02-23 13:52:09,645 - train.py[line:60] - INFO: Epoch 14: Evaluating...
2020-02-23 13:52:10,294 - train.py[line:85] - INFO: FINISHED!    Epoch: 14 | Loss: 0.75 | Accuracy: 0.81 | Time Used:  0min10s | Speed: 13.55 items/s
2020-02-23 13:52:10,294 - train.py[line:86] - INFO: 
2020-02-23 13:52:10,713 - train.py[line:23] - INFO: Epoch 15: Training...
